<?xml version="1.0" encoding="UTF-8"?>
<!-- Generated by org.testng.reporters.JUnitReportReporter -->
<testsuite hostname="LAPTOP-JOF7DOEN" failures="0" tests="1" name="com.parsing.EmployeeDetailsWithArray" time="0.242" errors="0" timestamp="16 Feb 2022 06:14:13 GMT" skipped="0">
  <testcase classname="com.parsing.EmployeeDetailsWithArray" name="serialization" time="0.242"/>
</testsuite> <!-- com.parsing.EmployeeDetailsWithArray -->
