<?xml version="1.0" encoding="UTF-8"?>
<!-- Generated by org.testng.reporters.JUnitReportReporter -->
<testsuite hostname="LAPTOP-JOF7DOEN" failures="0" tests="1" name="deserialization.Deserialization" time="0.251" errors="0" timestamp="16 Feb 2022 07:35:17 GMT" skipped="0">
  <testcase classname="deserialization.Deserialization" name="deserialization" time="0.251"/>
</testsuite> <!-- deserialization.Deserialization -->
