<?xml version="1.0" encoding="UTF-8"?>
<!-- Generated by org.testng.reporters.JUnitReportReporter -->
<testsuite hostname="LAPTOP-JOF7DOEN" failures="0" tests="1" name="com.parsing.EmployeeLibraryTest" time="0.233" errors="0" timestamp="16 Feb 2022 05:57:17 GMT" skipped="0">
  <testcase classname="com.parsing.EmployeeLibraryTest" name="serialization" time="0.233"/>
</testsuite> <!-- com.parsing.EmployeeLibraryTest -->
